0 silly argv {
0 silly argv   _: [ 'publish' ],
0 silly argv   composed: 'publish',
0 silly argv   lernaVersion: '6.6.1',
0 silly argv   '$0': '/usr/local/bin/lerna',
0 silly argv   bump: 'from-package'
0 silly argv }
1 notice cli v6.6.1
2 verbose rootPath /Users/tal/zhangdi/myProject/getting-started-example
3 verbose session dda68c28a8bb59e3
4 verbose user-agent lerna/6.6.1/node@v14.20.1+x64 (darwin)
5 verbose git-describe undefined => "v0.0.1-1-g9284ee0"
6 silly git-describe parsed => {"lastTagName":"v0.0.1","lastVersion":"v0.0.1","refCount":"1","sha":"9284ee0","isDirty":false}
7 silly getUnpublishedPackages
8 info publish Publishing packages to npm...
9 notice fffff2
10 warn ENOLICENSE Packages footer and header are missing a license.
10 warn ENOLICENSE One way to fix this is to add a LICENSE.md file to the root of this repository.
10 warn ENOLICENSE See https://choosealicense.com for additional guidance.
11 silly getCurrentSHA
12 verbose getCurrentSHA 9284ee07501fc174630b8abd24d8210f9c77bd51
13 silly lifecycle No script for "prepublish" in "root", continuing
14 silly lifecycle No script for "prepare" in "root", continuing
15 silly lifecycle No script for "prepublishOnly" in "root", continuing
16 silly lifecycle No script for "prepack" in "root", continuing
17 verbose pack-directory packages/footer
18 verbose pack-directory packages/header
19 silly lifecycle No script for "prepublish" in "footer", continuing
20 silly lifecycle No script for "prepublish" in "header", continuing
21 silly lifecycle No script for "prepare" in "footer", continuing
22 silly lifecycle No script for "prepare" in "header", continuing
23 silly lifecycle No script for "prepublishOnly" in "footer", continuing
24 silly lifecycle No script for "prepublishOnly" in "header", continuing
25 silly lifecycle No script for "prepack" in "footer", continuing
26 silly lifecycle No script for "prepack" in "header", continuing
27 silly lifecycle No script for "postpack" in "footer", continuing
28 verbose packed packages/footer
29 silly lifecycle No script for "postpack" in "header", continuing
30 verbose packed packages/header
31 silly lifecycle No script for "postpack" in "root", continuing
32 verbose publish footer
33 verbose publish header
34 silly FetchError: request to https://registry.npmjs.org/footer failed, reason: connect ETIMEDOUT 104.16.16.35:443
34 silly     at ClientRequest.<anonymous> (/usr/local/lib/node_modules/lerna/node_modules/minipass-fetch/lib/index.js:130:14)
34 silly     at ClientRequest.emit (events.js:400:28)
34 silly     at TLSSocket.socketErrorListener (_http_client.js:475:9)
34 silly     at TLSSocket.emit (events.js:412:35)
34 silly     at emitErrorNT (internal/streams/destroy.js:106:8)
34 silly     at emitErrorCloseNT (internal/streams/destroy.js:74:3)
34 silly     at processTicksAndRejections (internal/process/task_queues.js:82:21)
34 silly  FetchError: request to https://registry.npmjs.org/footer failed, reason: connect ETIMEDOUT 104.16.16.35:443
34 silly     at ClientRequest.<anonymous> (/usr/local/lib/node_modules/lerna/node_modules/minipass-fetch/lib/index.js:130:14)
34 silly     at ClientRequest.emit (events.js:400:28)
34 silly     at TLSSocket.socketErrorListener (_http_client.js:475:9)
34 silly     at TLSSocket.emit (events.js:412:35)
34 silly     at emitErrorNT (internal/streams/destroy.js:106:8)
34 silly     at emitErrorCloseNT (internal/streams/destroy.js:74:3)
34 silly     at processTicksAndRejections (internal/process/task_queues.js:82:21) {
34 silly   code: 'ETIMEDOUT',
34 silly   errno: 'ETIMEDOUT',
34 silly   syscall: 'connect',
34 silly   address: '104.16.16.35',
34 silly   port: 443,
34 silly   type: 'system'
34 silly }
35 error ETIMEDOUT request to https://registry.npmjs.org/footer failed, reason: connect ETIMEDOUT 104.16.16.35:443
36 error FetchError: request to https://registry.npmjs.org/footer failed, reason: connect ETIMEDOUT 104.16.16.35:443
36 error     at ClientRequest.<anonymous> (/usr/local/lib/node_modules/lerna/node_modules/minipass-fetch/lib/index.js:130:14)
36 error     at ClientRequest.emit (events.js:400:28)
36 error     at TLSSocket.socketErrorListener (_http_client.js:475:9)
36 error     at TLSSocket.emit (events.js:412:35)
36 error     at emitErrorNT (internal/streams/destroy.js:106:8)
36 error     at emitErrorCloseNT (internal/streams/destroy.js:74:3)
